SeekArc_sample/build/outputs/logs/manifest-merger-debug-report.txt
-- Merging decision tree log ---
manifest
ADDED from gas rotator project flameeye/SeekArc_sample/AndroidManifest.xml:25:1-79:12
	package
		ADDED from gas rotator project flameeye/SeekArc_sample/AndroidManifest.xml:26:5-37
		INJECTED from gas rotator project flameeye/SeekArc_sample/AndroidManifest.xml
		INJECTED from gas rotator project flameeye/SeekArc_sample/AndroidManifest.xml
	android:versionName
		ADDED from gas rotator project flameeye/SeekArc_sample/AndroidManifest.xml:28:5-30
		INJECTED from gas rotator project flameeye/SeekArc_sample/AndroidManifest.xml
		INJECTED from gas rotator project flameeye/SeekArc_sample/AndroidManifest.xml
	android:versionCode
		ADDED from gas rotator project flameeye/SeekArc_sample/AndroidManifest.xml:27:5-28
		INJECTED from gas rotator project flameeye/SeekArc_sample/AndroidManifest.xml
		INJECTED from gas rotator project flameeye/SeekArc_sample/AndroidManifest.xml
	xmlns:android
		ADDED from gas rotator project flameeye/SeekArc_sample/AndroidManifest.xml:25:11-69
uses-sdk
ADDED from gas rotator project flameeye/SeekArc_sample/AndroidManifest.xml:30:5-32:41
MERGED from [gas rotator project flameeye:SeekArc_library:unspecified] AndroidManifest.xml:30:5-32:41
MERGED from [com.android.support:appcompat-v7:23.1.1] AndroidManifest.xml:20:5-43
MERGED from [com.android.support:support-v4:23.1.1] AndroidManifest.xml:20:5-43
MERGED from [com.android.support:appcompat-v7:23.1.1] AndroidManifest.xml:20:5-43
MERGED from [com.android.support:support-v4:23.1.1] AndroidManifest.xml:20:5-43
	android:targetSdkVersion
		ADDED from gas rotator project flameeye/SeekArc_sample/AndroidManifest.xml:32:9-38
		INJECTED from gas rotator project flameeye/SeekArc_sample/AndroidManifest.xml
		INJECTED from gas rotator project flameeye/SeekArc_sample/AndroidManifest.xml
	android:minSdkVersion
		ADDED from gas rotator project flameeye/SeekArc_sample/AndroidManifest.xml:31:9-35
		INJECTED from gas rotator project flameeye/SeekArc_sample/AndroidManifest.xml
		INJECTED from gas rotator project flameeye/SeekArc_sample/AndroidManifest.xml
uses-feature#android.hardware.bluetooth_le
ADDED from gas rotator project flameeye/SeekArc_sample/AndroidManifest.xml:33:5-89
	android:required
		ADDED from gas rotator project flameeye/SeekArc_sample/AndroidManifest.xml:33:64-87
	android:name
		ADDED from gas rotator project flameeye/SeekArc_sample/AndroidManifest.xml:33:19-63
uses-permission#android.permission.BLUETOOTH
ADDED from gas rotator project flameeye/SeekArc_sample/AndroidManifest.xml:35:5-67
	android:name
		ADDED from gas rotator project flameeye/SeekArc_sample/AndroidManifest.xml:35:22-65
uses-permission#android.permission.BLUETOOTH_ADMIN
ADDED from gas rotator project flameeye/SeekArc_sample/AndroidManifest.xml:36:5-73
	android:name
		ADDED from gas rotator project flameeye/SeekArc_sample/AndroidManifest.xml:36:22-71
uses-permission#android.permission.ACCESS_COARSE_LOCATION
ADDED from gas rotator project flameeye/SeekArc_sample/AndroidManifest.xml:37:5-81
	android:name
		ADDED from gas rotator project flameeye/SeekArc_sample/AndroidManifest.xml:37:22-78
uses-permission#android.permission.ACCESS_FINE_LOCATION
ADDED from gas rotator project flameeye/SeekArc_sample/AndroidManifest.xml:38:5-79
	android:name
		ADDED from gas rotator project flameeye/SeekArc_sample/AndroidManifest.xml:38:22-76
application
ADDED from gas rotator project flameeye/SeekArc_sample/AndroidManifest.xml:40:5-77:19
MERGED from [gas rotator project flameeye:SeekArc_library:unspecified] AndroidManifest.xml:34:5-38:19
MERGED from [com.android.support:appcompat-v7:23.1.1] AndroidManifest.xml:22:5-20
MERGED from [com.android.support:support-v4:23.1.1] AndroidManifest.xml:22:5-20
MERGED from [com.android.support:appcompat-v7:23.1.1] AndroidManifest.xml:22:5-20
MERGED from [com.android.support:support-v4:23.1.1] AndroidManifest.xml:22:5-20
	android:label
		ADDED from gas rotator project flameeye/SeekArc_sample/AndroidManifest.xml:43:9-41
	android:allowBackup
		ADDED from gas rotator project flameeye/SeekArc_sample/AndroidManifest.xml:41:9-35
	android:icon
		ADDED from gas rotator project flameeye/SeekArc_sample/AndroidManifest.xml:42:9-45
	android:theme
		ADDED from gas rotator project flameeye/SeekArc_sample/AndroidManifest.xml:44:9-40
activity#com.triggertrap.sample.DeviceScanActivity
ADDED from gas rotator project flameeye/SeekArc_sample/AndroidManifest.xml:45:9-53:20
	android:label
		ADDED from gas rotator project flameeye/SeekArc_sample/AndroidManifest.xml:47:13-36
	android:name
		ADDED from gas rotator project flameeye/SeekArc_sample/AndroidManifest.xml:46:13-47
intent-filter#android.intent.action.MAIN+android.intent.category.LAUNCHER
ADDED from gas rotator project flameeye/SeekArc_sample/AndroidManifest.xml:48:13-52:29
action#android.intent.action.MAIN
ADDED from gas rotator project flameeye/SeekArc_sample/AndroidManifest.xml:49:17-69
	android:name
		ADDED from gas rotator project flameeye/SeekArc_sample/AndroidManifest.xml:49:25-66
category#android.intent.category.LAUNCHER
ADDED from gas rotator project flameeye/SeekArc_sample/AndroidManifest.xml:51:17-77
	android:name
		ADDED from gas rotator project flameeye/SeekArc_sample/AndroidManifest.xml:51:27-74
activity#com.triggertrap.sample.SimpleActivity
ADDED from gas rotator project flameeye/SeekArc_sample/AndroidManifest.xml:54:9-57:20
	android:label
		ADDED from gas rotator project flameeye/SeekArc_sample/AndroidManifest.xml:56:13-36
	android:name
		ADDED from gas rotator project flameeye/SeekArc_sample/AndroidManifest.xml:55:13-65
activity#com.triggertrap.sample.CustomActivity
ADDED from gas rotator project flameeye/SeekArc_sample/AndroidManifest.xml:59:9-62:20
	android:label
		ADDED from gas rotator project flameeye/SeekArc_sample/AndroidManifest.xml:61:13-36
	android:name
		ADDED from gas rotator project flameeye/SeekArc_sample/AndroidManifest.xml:60:13-65
activity#com.triggertrap.sample.MainActivity
ADDED from gas rotator project flameeye/SeekArc_sample/AndroidManifest.xml:63:9-67:20
	android:label
		ADDED from gas rotator project flameeye/SeekArc_sample/AndroidManifest.xml:66:13-36
	android:theme
		ADDED from gas rotator project flameeye/SeekArc_sample/AndroidManifest.xml:65:13-51
	android:name
		ADDED from gas rotator project flameeye/SeekArc_sample/AndroidManifest.xml:64:13-63
activity#com.triggertrap.sample.DeviceControlActivity
ADDED from gas rotator project flameeye/SeekArc_sample/AndroidManifest.xml:75:9-58
	android:name
		ADDED from gas rotator project flameeye/SeekArc_sample/AndroidManifest.xml:75:19-56
service#com.triggertrap.sample.BluetoothLeService
ADDED from gas rotator project flameeye/SeekArc_sample/AndroidManifest.xml:76:9-77
	android:enabled
		ADDED from gas rotator project flameeye/SeekArc_sample/AndroidManifest.xml:76:53-75
	android:name
		ADDED from gas rotator project flameeye/SeekArc_sample/AndroidManifest.xml:76:18-52